# JRE version: OpenJDK Runtime Environment (19.0.2+7) (build 19.0.2+7-44)
# Java VM: OpenJDK 64-Bit Server VM (19.0.2+7-44, mixed mode, emulated-client, sharing, tiered, compressed oops, compressed class ptrs, g1 gc, bsd-amd64)
GC Precious Log:
 CardTable entry size: 512
 Card Set container configuration: InlinePtr #cards 5 size 8 Array Of Cards #cards 12 size 40 Howl #buckets 4 coarsen threshold 1843 Howl Bitmap #cards 512 size 80 coarsen threshold 460 Card regions per heap region 1 cards per card region 2048
 CPUs: 4 total, 4 available
 Memory: 8192M
 Large Page Support: Disabled
 NUMA Support: Disabled
 Compressed Oops: Enabled (Zero based)
 Heap Region Size: 1M
 Heap Min Capacity: 8M
 Heap Initial Capacity: 128M
 Heap Max Capacity: 2G
 Pre-touch: Disabled
 Parallel Workers: 4
 Concurrent Workers: 1
 Concurrent Refinement Workers: 4
 Periodic GC: Disabled
Heap:
 garbage-first heap   total 55296K, used 40227K [0x0000000780000000, 0x0000000800000000)
  region size 1024K, 30 young (30720K), 4 survivors (4096K)
 Metaspace       used 24566K, committed 24832K, reserved 1114112K
  class space    used 3274K, committed 3392K, reserved 1048576K
GC Heap History (9 events):
Event: 7.274 GC heap before
{Heap before GC invocations=0 (full 0):
 garbage-first heap   total 133120K, used 15312K [0x0000000780000000, 0x0000000800000000)
  region size 1024K, 13 young (13312K), 0 survivors (0K)
 Metaspace       used 5333K, committed 5568K, reserved 1114112K
  class space    used 607K, committed 704K, reserved 1048576K
}
Event: 7.282 GC heap after
{Heap after GC invocations=1 (full 0):
 garbage-first heap   total 133120K, used 7796K [0x0000000780000000, 0x0000000800000000)
  region size 1024K, 2 young (2048K), 2 survivors (2048K)
 Metaspace       used 5333K, committed 5568K, reserved 1114112K
  class space    used 607K, committed 704K, reserved 1048576K
}
Event: 7.917 GC heap before
{Heap before GC invocations=1 (full 0):
 garbage-first heap   total 133120K, used 21108K [0x0000000780000000, 0x0000000800000000)
  region size 1024K, 15 young (15360K), 2 survivors (2048K)
 Metaspace       used 9334K, committed 9536K, reserved 1114112K
  class space    used 1134K, committed 1216K, reserved 1048576K
}
Event: 7.924 GC heap after
{Heap after GC invocations=2 (full 0):
 garbage-first heap   total 133120K, used 9005K [0x0000000780000000, 0x0000000800000000)
  region size 1024K, 2 young (2048K), 2 survivors (2048K)
 Metaspace       used 9334K, committed 9536K, reserved 1114112K
  class space    used 1134K, committed 1216K, reserved 1048576K
}
Event: 9.020 GC heap before
{Heap before GC invocations=2 (full 0):
 garbage-first heap   total 133120K, used 46893K [0x0000000780000000, 0x0000000800000000)
  region size 1024K, 40 young (40960K), 2 survivors (2048K)
 Metaspace       used 17805K, committed 18112K, reserved 1114112K
  class space    used 2318K, committed 2432K, reserved 1048576K
}
Event: 9.035 GC heap after
{Heap after GC invocations=3 (full 0):
 garbage-first heap   total 133120K, used 11977K [0x0000000780000000, 0x0000000800000000)
  region size 1024K, 5 young (5120K), 5 survivors (5120K)
 Metaspace       used 17805K, committed 18112K, reserved 1114112K
  class space    used 2318K, committed 2432K, reserved 1048576K
}
Event: 9.408 GC heap before
{Heap before GC invocations=3 (full 0):
 garbage-first heap   total 133120K, used 30409K [0x0000000780000000, 0x0000000800000000)
  region size 1024K, 25 young (25600K), 5 survivors (5120K)
 Metaspace       used 21254K, committed 21504K, reserved 1114112K
  class space    used 2760K, committed 2880K, reserved 1048576K
}
Event: 9.416 GC heap after
{Heap after GC invocations=4 (full 0):
 garbage-first heap   total 133120K, used 13603K [0x0000000780000000, 0x0000000800000000)
  region size 1024K, 6 young (6144K), 6 survivors (6144K)
 Metaspace       used 21254K, committed 21504K, reserved 1114112K
  class space    used 2760K, committed 2880K, reserved 1048576K
}
Event: 10.515 GC heap before
{Heap before GC invocations=5 (full 0):
 garbage-first heap   total 55296K, used 40227K [0x0000000780000000, 0x0000000800000000)
  region size 1024K, 32 young (32768K), 6 survivors (6144K)
 Metaspace       used 24566K, committed 24832K, reserved 1114112K
  class space    used 3274K, committed 3392K, reserved 1048576K
}

